{"K:\\Escritorio\\task\\src\\types.ts": {"path":"K:\\Escritorio\\task\\src\\types.ts","statementMap":{},"fnMap":{},"branchMap":{},"s":{},"f":{},"b":{}}
,"K:\\Escritorio\\task\\src\\components\\ConfirmDeleteDialog.tsx": {"path":"K:\\Escritorio\\task\\src\\components\\ConfirmDeleteDialog.tsx","statementMap":{"0":{"start":{"line":17,"column":2},"end":{"line":47,"column":4}}},"fnMap":{"0":{"name":"ConfirmDeleteDialog","decl":{"start":{"line":11,"column":16},"end":{"line":11,"column":35}},"loc":{"start":{"line":16,"column":29},"end":{"line":48,"column":1}},"line":16}},"branchMap":{"0":{"loc":{"start":{"line":23,"column":42},"end":{"line":23,"column":85}},"type":"cond-expr","locations":[{"start":{"line":23,"column":54},"end":{"line":23,"column":70}},{"start":{"line":23,"column":73},"end":{"line":23,"column":85}}],"line":23}},"s":{"0":9},"f":{"0":9},"b":{"0":[4,5]},"_coverageSchema":"1a1c01bbd47fc00a2c39e90264f33305004495a9","hash":"594dd4334b4ce698876fc2c44878deba6f7ac3e7"}
,"K:\\Escritorio\\task\\src\\components\\LabeledInput.tsx": {"path":"K:\\Escritorio\\task\\src\\components\\LabeledInput.tsx","statementMap":{"0":{"start":{"line":5,"column":37},"end":{"line":5,"column":66}},"1":{"start":{"line":13,"column":2},"end":{"line":27,"column":4}}},"fnMap":{"0":{"name":"LabeledInput","decl":{"start":{"line":12,"column":16},"end":{"line":12,"column":28}},"loc":{"start":{"line":12,"column":75},"end":{"line":28,"column":1}},"line":12}},"branchMap":{"0":{"loc":{"start":{"line":19,"column":30},"end":{"line":19,"column":87}},"type":"cond-expr","locations":[{"start":{"line":19,"column":54},"end":{"line":19,"column":75}},{"start":{"line":19,"column":78},"end":{"line":19,"column":87}}],"line":19},"1":{"loc":{"start":{"line":21,"column":10},"end":{"line":21,"column":54}},"type":"cond-expr","locations":[{"start":{"line":21,"column":18},"end":{"line":21,"column":34}},{"start":{"line":21,"column":37},"end":{"line":21,"column":54}}],"line":21},"2":{"loc":{"start":{"line":25,"column":7},"end":{"line":25,"column":69}},"type":"binary-expr","locations":[{"start":{"line":25,"column":7},"end":{"line":25,"column":12}},{"start":{"line":25,"column":16},"end":{"line":25,"column":69}}],"line":25}},"s":{"0":3,"1":1060},"f":{"0":1060},"b":{"0":[1060,0],"1":[14,1046],"2":[1060,14]},"_coverageSchema":"1a1c01bbd47fc00a2c39e90264f33305004495a9","hash":"e643d0691470fcee0cb8af00de3bd1170cd317a0"}
,"K:\\Escritorio\\task\\src\\components\\PaymentInfoSection.tsx": {"path":"K:\\Escritorio\\task\\src\\components\\PaymentInfoSection.tsx","statementMap":{"0":{"start":{"line":19,"column":2},"end":{"line":56,"column":4}},"1":{"start":{"line":27,"column":29},"end":{"line":27,"column":51}},"2":{"start":{"line":36,"column":29},"end":{"line":36,"column":57}},"3":{"start":{"line":44,"column":29},"end":{"line":44,"column":55}},"4":{"start":{"line":53,"column":29},"end":{"line":53,"column":47}}},"fnMap":{"0":{"name":"PaymentInfoSection","decl":{"start":{"line":18,"column":16},"end":{"line":18,"column":34}},"loc":{"start":{"line":18,"column":77},"end":{"line":57,"column":1}},"line":18},"1":{"name":"(anonymous_1)","decl":{"start":{"line":27,"column":22},"end":{"line":27,"column":23}},"loc":{"start":{"line":27,"column":29},"end":{"line":27,"column":51}},"line":27},"2":{"name":"(anonymous_2)","decl":{"start":{"line":36,"column":22},"end":{"line":36,"column":23}},"loc":{"start":{"line":36,"column":29},"end":{"line":36,"column":57}},"line":36},"3":{"name":"(anonymous_3)","decl":{"start":{"line":44,"column":22},"end":{"line":44,"column":23}},"loc":{"start":{"line":44,"column":29},"end":{"line":44,"column":55}},"line":44},"4":{"name":"(anonymous_4)","decl":{"start":{"line":53,"column":22},"end":{"line":53,"column":23}},"loc":{"start":{"line":53,"column":29},"end":{"line":53,"column":47}},"line":53}},"branchMap":{"0":{"loc":{"start":{"line":18,"column":55},"end":{"line":18,"column":66}},"type":"default-arg","locations":[{"start":{"line":18,"column":64},"end":{"line":18,"column":66}}],"line":18}},"s":{"0":106,"1":8,"2":8,"3":8,"4":8},"f":{"0":106,"1":8,"2":8,"3":8,"4":8},"b":{"0":[0]},"_coverageSchema":"1a1c01bbd47fc00a2c39e90264f33305004495a9","hash":"7144a6d14a8a44d23eea4d59c2bb40ea58848634"}
,"K:\\Escritorio\\task\\src\\components\\ReservationInfoSection.tsx": {"path":"K:\\Escritorio\\task\\src\\components\\ReservationInfoSection.tsx","statementMap":{"0":{"start":{"line":17,"column":2},"end":{"line":42,"column":4}},"1":{"start":{"line":25,"column":29},"end":{"line":25,"column":48}},"2":{"start":{"line":32,"column":29},"end":{"line":32,"column":48}},"3":{"start":{"line":39,"column":29},"end":{"line":39,"column":56}}},"fnMap":{"0":{"name":"ReservationInfoSection","decl":{"start":{"line":16,"column":16},"end":{"line":16,"column":38}},"loc":{"start":{"line":16,"column":68},"end":{"line":43,"column":1}},"line":16},"1":{"name":"(anonymous_1)","decl":{"start":{"line":25,"column":22},"end":{"line":25,"column":23}},"loc":{"start":{"line":25,"column":29},"end":{"line":25,"column":48}},"line":25},"2":{"name":"(anonymous_2)","decl":{"start":{"line":32,"column":22},"end":{"line":32,"column":23}},"loc":{"start":{"line":32,"column":29},"end":{"line":32,"column":48}},"line":32},"3":{"name":"(anonymous_3)","decl":{"start":{"line":39,"column":22},"end":{"line":39,"column":23}},"loc":{"start":{"line":39,"column":29},"end":{"line":39,"column":56}},"line":39}},"branchMap":{},"s":{"0":66,"1":5,"2":5,"3":5},"f":{"0":66,"1":5,"2":5,"3":5},"b":{},"_coverageSchema":"1a1c01bbd47fc00a2c39e90264f33305004495a9","hash":"28152dd7251717fb57e5b98951fd51a514a775a7"}
,"K:\\Escritorio\\task\\src\\components\\ShippingInfoSection.tsx": {"path":"K:\\Escritorio\\task\\src\\components\\ShippingInfoSection.tsx","statementMap":{"0":{"start":{"line":18,"column":2},"end":{"line":45,"column":4}},"1":{"start":{"line":26,"column":29},"end":{"line":26,"column":53}},"2":{"start":{"line":33,"column":29},"end":{"line":33,"column":50}},"3":{"start":{"line":42,"column":29},"end":{"line":42,"column":56}}},"fnMap":{"0":{"name":"ShippingInfoSection","decl":{"start":{"line":17,"column":16},"end":{"line":17,"column":35}},"loc":{"start":{"line":17,"column":78},"end":{"line":46,"column":1}},"line":17},"1":{"name":"(anonymous_1)","decl":{"start":{"line":26,"column":22},"end":{"line":26,"column":23}},"loc":{"start":{"line":26,"column":29},"end":{"line":26,"column":53}},"line":26},"2":{"name":"(anonymous_2)","decl":{"start":{"line":33,"column":22},"end":{"line":33,"column":23}},"loc":{"start":{"line":33,"column":29},"end":{"line":33,"column":50}},"line":33},"3":{"name":"(anonymous_3)","decl":{"start":{"line":42,"column":22},"end":{"line":42,"column":23}},"loc":{"start":{"line":42,"column":29},"end":{"line":42,"column":56}},"line":42}},"branchMap":{"0":{"loc":{"start":{"line":17,"column":56},"end":{"line":17,"column":67}},"type":"default-arg","locations":[{"start":{"line":17,"column":65},"end":{"line":17,"column":67}}],"line":17}},"s":{"0":40,"1":3,"2":3,"3":3},"f":{"0":40,"1":3,"2":3,"3":3},"b":{"0":[0]},"_coverageSchema":"1a1c01bbd47fc00a2c39e90264f33305004495a9","hash":"8f30a394a8e8a12cc33642a60ff89fb6cb93edef"}
,"K:\\Escritorio\\task\\src\\components\\StatusBadge.tsx": {"path":"K:\\Escritorio\\task\\src\\components\\StatusBadge.tsx","statementMap":{"0":{"start":{"line":5,"column":16},"end":{"line":5,"column":67}},"1":{"start":{"line":6,"column":15},"end":{"line":6,"column":49}},"2":{"start":{"line":8,"column":2},"end":{"line":17,"column":4}}},"fnMap":{"0":{"name":"StatusBadge","decl":{"start":{"line":4,"column":16},"end":{"line":4,"column":27}},"loc":{"start":{"line":4,"column":77},"end":{"line":18,"column":1}},"line":4}},"branchMap":{"0":{"loc":{"start":{"line":5,"column":16},"end":{"line":5,"column":67}},"type":"cond-expr","locations":[{"start":{"line":5,"column":41},"end":{"line":5,"column":53}},{"start":{"line":5,"column":56},"end":{"line":5,"column":67}}],"line":5},"1":{"loc":{"start":{"line":6,"column":15},"end":{"line":6,"column":49}},"type":"cond-expr","locations":[{"start":{"line":6,"column":40},"end":{"line":6,"column":43}},{"start":{"line":6,"column":46},"end":{"line":6,"column":49}}],"line":6}},"s":{"0":2,"1":2,"2":2},"f":{"0":2},"b":{"0":[1,1],"1":[1,1]},"_coverageSchema":"1a1c01bbd47fc00a2c39e90264f33305004495a9","hash":"84c5d75d778e61ca8aead62809165aa686fbb893"}
,"K:\\Escritorio\\task\\src\\components\\StudentInfoSection.tsx": {"path":"K:\\Escritorio\\task\\src\\components\\StudentInfoSection.tsx","statementMap":{"0":{"start":{"line":18,"column":2},"end":{"line":49,"column":4}},"1":{"start":{"line":27,"column":29},"end":{"line":27,"column":50}},"2":{"start":{"line":36,"column":29},"end":{"line":36,"column":55}},"3":{"start":{"line":46,"column":29},"end":{"line":46,"column":49}}},"fnMap":{"0":{"name":"StudentInfoSection","decl":{"start":{"line":17,"column":16},"end":{"line":17,"column":34}},"loc":{"start":{"line":17,"column":77},"end":{"line":50,"column":1}},"line":17},"1":{"name":"(anonymous_1)","decl":{"start":{"line":27,"column":22},"end":{"line":27,"column":23}},"loc":{"start":{"line":27,"column":29},"end":{"line":27,"column":50}},"line":27},"2":{"name":"(anonymous_2)","decl":{"start":{"line":36,"column":22},"end":{"line":36,"column":23}},"loc":{"start":{"line":36,"column":29},"end":{"line":36,"column":55}},"line":36},"3":{"name":"(anonymous_3)","decl":{"start":{"line":46,"column":22},"end":{"line":46,"column":23}},"loc":{"start":{"line":46,"column":29},"end":{"line":46,"column":49}},"line":46}},"branchMap":{"0":{"loc":{"start":{"line":17,"column":55},"end":{"line":17,"column":66}},"type":"default-arg","locations":[{"start":{"line":17,"column":64},"end":{"line":17,"column":66}}],"line":17}},"s":{"0":66,"1":5,"2":5,"3":5},"f":{"0":66,"1":5,"2":5,"3":5},"b":{"0":[0]},"_coverageSchema":"1a1c01bbd47fc00a2c39e90264f33305004495a9","hash":"195c1d1f411536eb05727e755d883003187886e6"}
,"K:\\Escritorio\\task\\src\\components\\TaskCard.tsx": {"path":"K:\\Escritorio\\task\\src\\components\\TaskCard.tsx","statementMap":{"0":{"start":{"line":12,"column":15},"end":{"line":12,"column":42}},"1":{"start":{"line":13,"column":2},"end":{"line":33,"column":4}},"2":{"start":{"line":17,"column":23},"end":{"line":17,"column":40}},"3":{"start":{"line":26,"column":23},"end":{"line":26,"column":40}}},"fnMap":{"0":{"name":"TaskCard","decl":{"start":{"line":11,"column":16},"end":{"line":11,"column":24}},"loc":{"start":{"line":11,"column":81},"end":{"line":34,"column":1}},"line":11},"1":{"name":"(anonymous_1)","decl":{"start":{"line":11,"column":54},"end":{"line":11,"column":55}},"loc":{"start":{"line":11,"column":60},"end":{"line":11,"column":62}},"line":11},"2":{"name":"(anonymous_2)","decl":{"start":{"line":17,"column":17},"end":{"line":17,"column":18}},"loc":{"start":{"line":17,"column":23},"end":{"line":17,"column":40}},"line":17},"3":{"name":"(anonymous_3)","decl":{"start":{"line":26,"column":17},"end":{"line":26,"column":18}},"loc":{"start":{"line":26,"column":23},"end":{"line":26,"column":40}},"line":26}},"branchMap":{"0":{"loc":{"start":{"line":11,"column":43},"end":{"line":11,"column":62}},"type":"default-arg","locations":[{"start":{"line":11,"column":54},"end":{"line":11,"column":62}}],"line":11},"1":{"loc":{"start":{"line":19,"column":63},"end":{"line":19,"column":96}},"type":"cond-expr","locations":[{"start":{"line":19,"column":70},"end":{"line":19,"column":81}},{"start":{"line":19,"column":84},"end":{"line":19,"column":96}}],"line":19},"2":{"loc":{"start":{"line":21,"column":41},"end":{"line":21,"column":82}},"type":"cond-expr","locations":[{"start":{"line":21,"column":48},"end":{"line":21,"column":64}},{"start":{"line":21,"column":67},"end":{"line":21,"column":82}}],"line":21},"3":{"loc":{"start":{"line":22,"column":11},"end":{"line":22,"column":48}},"type":"cond-expr","locations":[{"start":{"line":22,"column":18},"end":{"line":22,"column":32}},{"start":{"line":22,"column":35},"end":{"line":22,"column":48}}],"line":22}},"s":{"0":14,"1":14,"2":0,"3":1},"f":{"0":14,"1":0,"2":0,"3":1},"b":{"0":[7],"1":[2,12],"2":[2,12],"3":[2,12]},"_coverageSchema":"1a1c01bbd47fc00a2c39e90264f33305004495a9","hash":"b77674226b69cf99667e722bdb7c6d8c629d4d04"}
,"K:\\Escritorio\\task\\src\\components\\TaskForm.tsx": {"path":"K:\\Escritorio\\task\\src\\components\\TaskForm.tsx","statementMap":{"0":{"start":{"line":9,"column":28},"end":{"line":9,"column":40}},"1":{"start":{"line":11,"column":23},"end":{"line":15,"column":3}},"2":{"start":{"line":12,"column":4},"end":{"line":12,"column":30}},"3":{"start":{"line":12,"column":23},"end":{"line":12,"column":30}},"4":{"start":{"line":13,"column":4},"end":{"line":13,"column":20}},"5":{"start":{"line":14,"column":4},"end":{"line":14,"column":17}},"6":{"start":{"line":17,"column":2},"end":{"line":36,"column":4}}},"fnMap":{"0":{"name":"TaskForm","decl":{"start":{"line":8,"column":16},"end":{"line":8,"column":24}},"loc":{"start":{"line":8,"column":54},"end":{"line":37,"column":1}},"line":8},"1":{"name":"(anonymous_1)","decl":{"start":{"line":11,"column":23},"end":{"line":11,"column":24}},"loc":{"start":{"line":11,"column":29},"end":{"line":15,"column":3}},"line":11}},"branchMap":{"0":{"loc":{"start":{"line":12,"column":4},"end":{"line":12,"column":30}},"type":"if","locations":[{"start":{"line":12,"column":4},"end":{"line":12,"column":30}},{"start":{},"end":{}}],"line":12}},"s":{"0":11,"1":11,"2":4,"3":1,"4":3,"5":3,"6":11},"f":{"0":11,"1":4},"b":{"0":[1,3]},"_coverageSchema":"1a1c01bbd47fc00a2c39e90264f33305004495a9","hash":"4065a676cd739a8ea17ebb5b16f62decff28cfeb"}
,"K:\\Escritorio\\task\\src\\components\\TaskList.tsx": {"path":"K:\\Escritorio\\task\\src\\components\\TaskList.tsx","statementMap":{"0":{"start":{"line":13,"column":2},"end":{"line":15,"column":3}},"1":{"start":{"line":14,"column":4},"end":{"line":14,"column":95}},"2":{"start":{"line":17,"column":2},"end":{"line":30,"column":4}},"3":{"start":{"line":26,"column":29},"end":{"line":26,"column":33}},"4":{"start":{"line":27,"column":34},"end":{"line":27,"column":98}}},"fnMap":{"0":{"name":"TaskList","decl":{"start":{"line":12,"column":16},"end":{"line":12,"column":24}},"loc":{"start":{"line":12,"column":93},"end":{"line":31,"column":1}},"line":12},"1":{"name":"(anonymous_1)","decl":{"start":{"line":12,"column":45},"end":{"line":12,"column":46}},"loc":{"start":{"line":12,"column":51},"end":{"line":12,"column":53}},"line":12},"2":{"name":"(anonymous_2)","decl":{"start":{"line":12,"column":66},"end":{"line":12,"column":67}},"loc":{"start":{"line":12,"column":72},"end":{"line":12,"column":74}},"line":12},"3":{"name":"(anonymous_3)","decl":{"start":{"line":26,"column":22},"end":{"line":26,"column":23}},"loc":{"start":{"line":26,"column":29},"end":{"line":26,"column":33}},"line":26},"4":{"name":"(anonymous_4)","decl":{"start":{"line":27,"column":20},"end":{"line":27,"column":21}},"loc":{"start":{"line":27,"column":34},"end":{"line":27,"column":98}},"line":27}},"branchMap":{"0":{"loc":{"start":{"line":12,"column":34},"end":{"line":12,"column":53}},"type":"default-arg","locations":[{"start":{"line":12,"column":45},"end":{"line":12,"column":53}}],"line":12},"1":{"loc":{"start":{"line":12,"column":55},"end":{"line":12,"column":74}},"type":"default-arg","locations":[{"start":{"line":12,"column":66},"end":{"line":12,"column":74}}],"line":12},"2":{"loc":{"start":{"line":13,"column":2},"end":{"line":15,"column":3}},"type":"if","locations":[{"start":{"line":13,"column":2},"end":{"line":15,"column":3}},{"start":{},"end":{}}],"line":13},"3":{"loc":{"start":{"line":20,"column":9},"end":{"line":20,"column":66}},"type":"cond-expr","locations":[{"start":{"line":20,"column":30},"end":{"line":20,"column":39}},{"start":{"line":20,"column":42},"end":{"line":20,"column":66}}],"line":20}},"s":{"0":8,"1":3,"2":5,"3":12,"4":7},"f":{"0":8,"1":0,"2":0,"3":12,"4":7},"b":{"0":[3],"1":[3],"2":[3,5],"3":[3,2]},"_coverageSchema":"1a1c01bbd47fc00a2c39e90264f33305004495a9","hash":"0f530b641a0bad8c4105ed456e94e7229feb9cd2"}
,"K:\\Escritorio\\task\\src\\components\\UserInfoSection.tsx": {"path":"K:\\Escritorio\\task\\src\\components\\UserInfoSection.tsx","statementMap":{"0":{"start":{"line":18,"column":2},"end":{"line":49,"column":4}},"1":{"start":{"line":27,"column":29},"end":{"line":27,"column":50}},"2":{"start":{"line":37,"column":29},"end":{"line":37,"column":49}},"3":{"start":{"line":46,"column":29},"end":{"line":46,"column":52}}},"fnMap":{"0":{"name":"UserInfoSection","decl":{"start":{"line":17,"column":16},"end":{"line":17,"column":31}},"loc":{"start":{"line":17,"column":74},"end":{"line":50,"column":1}},"line":17},"1":{"name":"(anonymous_1)","decl":{"start":{"line":27,"column":22},"end":{"line":27,"column":23}},"loc":{"start":{"line":27,"column":29},"end":{"line":27,"column":50}},"line":27},"2":{"name":"(anonymous_2)","decl":{"start":{"line":37,"column":22},"end":{"line":37,"column":23}},"loc":{"start":{"line":37,"column":29},"end":{"line":37,"column":49}},"line":37},"3":{"name":"(anonymous_3)","decl":{"start":{"line":46,"column":22},"end":{"line":46,"column":23}},"loc":{"start":{"line":46,"column":29},"end":{"line":46,"column":52}},"line":46}},"branchMap":{"0":{"loc":{"start":{"line":17,"column":52},"end":{"line":17,"column":63}},"type":"default-arg","locations":[{"start":{"line":17,"column":61},"end":{"line":17,"column":63}}],"line":17}},"s":{"0":40,"1":4,"2":3,"3":3},"f":{"0":40,"1":4,"2":3,"3":3},"b":{"0":[0]},"_coverageSchema":"1a1c01bbd47fc00a2c39e90264f33305004495a9","hash":"a1a9f56e7ef9f8617c5e2c0d55341d8e2415ec20"}
,"K:\\Escritorio\\task\\src\\hooks\\useCounter.ts": {"path":"K:\\Escritorio\\task\\src\\hooks\\useCounter.ts","statementMap":{"0":{"start":{"line":4,"column":28},"end":{"line":4,"column":50}},"1":{"start":{"line":6,"column":20},"end":{"line":6,"column":54}},"2":{"start":{"line":6,"column":26},"end":{"line":6,"column":54}},"3":{"start":{"line":6,"column":45},"end":{"line":6,"column":53}},"4":{"start":{"line":7,"column":20},"end":{"line":7,"column":54}},"5":{"start":{"line":7,"column":26},"end":{"line":7,"column":54}},"6":{"start":{"line":7,"column":45},"end":{"line":7,"column":53}},"7":{"start":{"line":8,"column":16},"end":{"line":8,"column":44}},"8":{"start":{"line":8,"column":22},"end":{"line":8,"column":44}},"9":{"start":{"line":10,"column":2},"end":{"line":10,"column":48}}},"fnMap":{"0":{"name":"useCounter","decl":{"start":{"line":3,"column":16},"end":{"line":3,"column":26}},"loc":{"start":{"line":3,"column":53},"end":{"line":11,"column":1}},"line":3},"1":{"name":"(anonymous_1)","decl":{"start":{"line":6,"column":20},"end":{"line":6,"column":21}},"loc":{"start":{"line":6,"column":26},"end":{"line":6,"column":54}},"line":6},"2":{"name":"(anonymous_2)","decl":{"start":{"line":6,"column":35},"end":{"line":6,"column":36}},"loc":{"start":{"line":6,"column":45},"end":{"line":6,"column":53}},"line":6},"3":{"name":"(anonymous_3)","decl":{"start":{"line":7,"column":20},"end":{"line":7,"column":21}},"loc":{"start":{"line":7,"column":26},"end":{"line":7,"column":54}},"line":7},"4":{"name":"(anonymous_4)","decl":{"start":{"line":7,"column":35},"end":{"line":7,"column":36}},"loc":{"start":{"line":7,"column":45},"end":{"line":7,"column":53}},"line":7},"5":{"name":"(anonymous_5)","decl":{"start":{"line":8,"column":16},"end":{"line":8,"column":17}},"loc":{"start":{"line":8,"column":22},"end":{"line":8,"column":44}},"line":8}},"branchMap":{"0":{"loc":{"start":{"line":3,"column":27},"end":{"line":3,"column":51}},"type":"default-arg","locations":[{"start":{"line":3,"column":50},"end":{"line":3,"column":51}}],"line":3}},"s":{"0":9,"1":9,"2":3,"3":3,"4":9,"5":1,"6":1,"7":9,"8":1,"9":9},"f":{"0":9,"1":3,"2":3,"3":1,"4":1,"5":1},"b":{"0":[3]},"_coverageSchema":"1a1c01bbd47fc00a2c39e90264f33305004495a9","hash":"b9bc04a7eaf9d20358454b108d9e7f52e729be1f"}
,"K:\\Escritorio\\task\\src\\hooks\\useCreateTask.ts": {"path":"K:\\Escritorio\\task\\src\\hooks\\useCreateTask.ts","statementMap":{"0":{"start":{"line":5,"column":20},"end":{"line":5,"column":27}},"1":{"start":{"line":8,"column":30},"end":{"line":8,"column":66}},"2":{"start":{"line":9,"column":28},"end":{"line":9,"column":48}},"3":{"start":{"line":10,"column":17},"end":{"line":10,"column":30}},"4":{"start":{"line":12,"column":2},"end":{"line":21,"column":9}},"5":{"start":{"line":13,"column":4},"end":{"line":20,"column":9}},"6":{"start":{"line":15,"column":8},"end":{"line":15,"column":43}},"7":{"start":{"line":15,"column":17},"end":{"line":15,"column":43}},"8":{"start":{"line":19,"column":8},"end":{"line":19,"column":30}},"9":{"start":{"line":23,"column":2},"end":{"line":27,"column":14}},"10":{"start":{"line":25,"column":4},"end":{"line":25,"column":32}},"11":{"start":{"line":25,"column":25},"end":{"line":25,"column":32}},"12":{"start":{"line":26,"column":4},"end":{"line":26,"column":77}},"13":{"start":{"line":29,"column":17},"end":{"line":38,"column":3}},"14":{"start":{"line":30,"column":23},"end":{"line":35,"column":5}},"15":{"start":{"line":36,"column":4},"end":{"line":36,"column":40}},"16":{"start":{"line":36,"column":23},"end":{"line":36,"column":38}},"17":{"start":{"line":37,"column":4},"end":{"line":37,"column":25}},"18":{"start":{"line":40,"column":21},"end":{"line":42,"column":3}},"19":{"start":{"line":41,"column":4},"end":{"line":41,"column":56}},"20":{"start":{"line":41,"column":23},"end":{"line":41,"column":54}},"21":{"start":{"line":41,"column":42},"end":{"line":41,"column":53}},"22":{"start":{"line":44,"column":21},"end":{"line":50,"column":3}},"23":{"start":{"line":45,"column":4},"end":{"line":49,"column":6}},"24":{"start":{"line":46,"column":6},"end":{"line":48,"column":7}},"25":{"start":{"line":47,"column":8},"end":{"line":47,"column":94}},"26":{"start":{"line":52,"column":2},"end":{"line":52,"column":59}}},"fnMap":{"0":{"name":"useCreateTask","decl":{"start":{"line":7,"column":16},"end":{"line":7,"column":29}},"loc":{"start":{"line":7,"column":32},"end":{"line":53,"column":1}},"line":7},"1":{"name":"(anonymous_1)","decl":{"start":{"line":12,"column":12},"end":{"line":12,"column":13}},"loc":{"start":{"line":12,"column":18},"end":{"line":21,"column":3}},"line":12},"2":{"name":"(anonymous_2)","decl":{"start":{"line":14,"column":12},"end":{"line":14,"column":13}},"loc":{"start":{"line":14,"column":21},"end":{"line":16,"column":7}},"line":14},"3":{"name":"(anonymous_3)","decl":{"start":{"line":17,"column":13},"end":{"line":17,"column":14}},"loc":{"start":{"line":17,"column":19},"end":{"line":17,"column":21}},"line":17},"4":{"name":"(anonymous_4)","decl":{"start":{"line":18,"column":15},"end":{"line":18,"column":16}},"loc":{"start":{"line":18,"column":21},"end":{"line":20,"column":7}},"line":18},"5":{"name":"(anonymous_5)","decl":{"start":{"line":23,"column":12},"end":{"line":23,"column":13}},"loc":{"start":{"line":23,"column":18},"end":{"line":27,"column":3}},"line":23},"6":{"name":"(anonymous_6)","decl":{"start":{"line":26,"column":67},"end":{"line":26,"column":68}},"loc":{"start":{"line":26,"column":73},"end":{"line":26,"column":75}},"line":26},"7":{"name":"(anonymous_7)","decl":{"start":{"line":29,"column":17},"end":{"line":29,"column":18}},"loc":{"start":{"line":29,"column":42},"end":{"line":38,"column":3}},"line":29},"8":{"name":"(anonymous_8)","decl":{"start":{"line":36,"column":13},"end":{"line":36,"column":14}},"loc":{"start":{"line":36,"column":23},"end":{"line":36,"column":38}},"line":36},"9":{"name":"(anonymous_9)","decl":{"start":{"line":40,"column":21},"end":{"line":40,"column":22}},"loc":{"start":{"line":40,"column":37},"end":{"line":42,"column":3}},"line":40},"10":{"name":"(anonymous_10)","decl":{"start":{"line":41,"column":13},"end":{"line":41,"column":14}},"loc":{"start":{"line":41,"column":23},"end":{"line":41,"column":54}},"line":41},"11":{"name":"(anonymous_11)","decl":{"start":{"line":41,"column":35},"end":{"line":41,"column":36}},"loc":{"start":{"line":41,"column":42},"end":{"line":41,"column":53}},"line":41},"12":{"name":"(anonymous_12)","decl":{"start":{"line":44,"column":21},"end":{"line":44,"column":22}},"loc":{"start":{"line":44,"column":37},"end":{"line":50,"column":3}},"line":44},"13":{"name":"(anonymous_13)","decl":{"start":{"line":45,"column":13},"end":{"line":45,"column":14}},"loc":{"start":{"line":46,"column":6},"end":{"line":48,"column":7}},"line":46},"14":{"name":"(anonymous_14)","decl":{"start":{"line":46,"column":15},"end":{"line":46,"column":16}},"loc":{"start":{"line":47,"column":8},"end":{"line":47,"column":94}},"line":47}},"branchMap":{"0":{"loc":{"start":{"line":15,"column":8},"end":{"line":15,"column":43}},"type":"if","locations":[{"start":{"line":15,"column":8},"end":{"line":15,"column":43}},{"start":{},"end":{}}],"line":15},"1":{"loc":{"start":{"line":25,"column":4},"end":{"line":25,"column":32}},"type":"if","locations":[{"start":{"line":25,"column":4},"end":{"line":25,"column":32}},{"start":{},"end":{}}],"line":25},"2":{"loc":{"start":{"line":47,"column":8},"end":{"line":47,"column":94}},"type":"cond-expr","locations":[{"start":{"line":47,"column":22},"end":{"line":47,"column":90}},{"start":{"line":47,"column":93},"end":{"line":47,"column":94}}],"line":47},"3":{"loc":{"start":{"line":47,"column":38},"end":{"line":47,"column":88}},"type":"cond-expr","locations":[{"start":{"line":47,"column":65},"end":{"line":47,"column":74}},{"start":{"line":47,"column":77},"end":{"line":47,"column":88}}],"line":47}},"s":{"0":2,"1":23,"2":23,"3":23,"4":23,"5":9,"6":9,"7":4,"8":9,"9":23,"10":23,"11":9,"12":14,"13":23,"14":6,"15":6,"16":6,"17":6,"18":23,"19":1,"20":1,"21":1,"22":23,"23":3,"24":3,"25":3,"26":23},"f":{"0":23,"1":9,"2":9,"3":0,"4":9,"5":23,"6":0,"7":6,"8":6,"9":1,"10":1,"11":1,"12":3,"13":3,"14":3},"b":{"0":[4,5],"1":[9,14],"2":[3,0],"3":[1,2]},"_coverageSchema":"1a1c01bbd47fc00a2c39e90264f33305004495a9","hash":"5dbe2ac56d210b90ca0c3c5f51101f2db1d8e74d"}
,"K:\\Escritorio\\task\\src\\hooks\\useLunchReservation.ts": {"path":"K:\\Escritorio\\task\\src\\hooks\\useLunchReservation.ts","statementMap":{"0":{"start":{"line":5,"column":20},"end":{"line":5,"column":39}},"1":{"start":{"line":8,"column":30},"end":{"line":8,"column":88}},"2":{"start":{"line":9,"column":40},"end":{"line":9,"column":87}},"3":{"start":{"line":10,"column":42},"end":{"line":10,"column":82}},"4":{"start":{"line":11,"column":28},"end":{"line":11,"column":57}},"5":{"start":{"line":13,"column":16},"end":{"line":17,"column":3}},"6":{"start":{"line":14,"column":4},"end":{"line":14,"column":22}},"7":{"start":{"line":15,"column":4},"end":{"line":15,"column":25}},"8":{"start":{"line":16,"column":4},"end":{"line":16,"column":19}},"9":{"start":{"line":19,"column":17},"end":{"line":45,"column":3}},"10":{"start":{"line":20,"column":4},"end":{"line":20,"column":25}},"11":{"start":{"line":21,"column":4},"end":{"line":21,"column":19}},"12":{"start":{"line":22,"column":4},"end":{"line":44,"column":5}},"13":{"start":{"line":23,"column":18},"end":{"line":23,"column":57}},"14":{"start":{"line":24,"column":21},"end":{"line":24,"column":79}},"15":{"start":{"line":25,"column":48},"end":{"line":31,"column":7}},"16":{"start":{"line":32,"column":31},"end":{"line":32,"column":51}},"17":{"start":{"line":34,"column":6},"end":{"line":34,"column":80}},"18":{"start":{"line":35,"column":6},"end":{"line":35,"column":40}},"19":{"start":{"line":36,"column":6},"end":{"line":36,"column":30}},"20":{"start":{"line":37,"column":6},"end":{"line":37,"column":27}},"21":{"start":{"line":38,"column":6},"end":{"line":38,"column":21}},"22":{"start":{"line":40,"column":6},"end":{"line":40,"column":27}},"23":{"start":{"line":41,"column":6},"end":{"line":41,"column":46}},"24":{"start":{"line":42,"column":6},"end":{"line":42,"column":25}},"25":{"start":{"line":43,"column":6},"end":{"line":43,"column":18}},"26":{"start":{"line":47,"column":2},"end":{"line":47,"column":69}}},"fnMap":{"0":{"name":"useLunchReservation","decl":{"start":{"line":7,"column":16},"end":{"line":7,"column":35}},"loc":{"start":{"line":7,"column":38},"end":{"line":48,"column":1}},"line":7},"1":{"name":"(anonymous_1)","decl":{"start":{"line":13,"column":16},"end":{"line":13,"column":17}},"loc":{"start":{"line":13,"column":22},"end":{"line":17,"column":3}},"line":13},"2":{"name":"(anonymous_2)","decl":{"start":{"line":19,"column":17},"end":{"line":19,"column":18}},"loc":{"start":{"line":19,"column":60},"end":{"line":45,"column":3}},"line":19}},"branchMap":{"0":{"loc":{"start":{"line":24,"column":21},"end":{"line":24,"column":79}},"type":"cond-expr","locations":[{"start":{"line":24,"column":28},"end":{"line":24,"column":73}},{"start":{"line":24,"column":77},"end":{"line":24,"column":79}}],"line":24}},"s":{"0":2,"1":66,"2":66,"3":66,"4":66,"5":66,"6":3,"7":3,"8":3,"9":66,"10":3,"11":3,"12":3,"13":3,"14":3,"15":3,"16":3,"17":3,"18":2,"19":2,"20":2,"21":2,"22":1,"23":1,"24":1,"25":1,"26":66},"f":{"0":66,"1":3,"2":3},"b":{"0":[0,3]},"_coverageSchema":"1a1c01bbd47fc00a2c39e90264f33305004495a9","hash":"b893e128d62b637c0c37eec8bf9a3815bf1a8a11"}
,"K:\\Escritorio\\task\\src\\hooks\\useTaskList.ts": {"path":"K:\\Escritorio\\task\\src\\hooks\\useTaskList.ts","statementMap":{"0":{"start":{"line":5,"column":28},"end":{"line":5,"column":58}},"1":{"start":{"line":6,"column":28},"end":{"line":6,"column":57}},"2":{"start":{"line":8,"column":18},"end":{"line":20,"column":3}},"3":{"start":{"line":9,"column":4},"end":{"line":12,"column":5}},"4":{"start":{"line":10,"column":6},"end":{"line":10,"column":49}},"5":{"start":{"line":11,"column":6},"end":{"line":11,"column":13}},"6":{"start":{"line":13,"column":4},"end":{"line":13,"column":19}},"7":{"start":{"line":14,"column":26},"end":{"line":18,"column":5}},"8":{"start":{"line":19,"column":4},"end":{"line":19,"column":43}},"9":{"start":{"line":19,"column":23},"end":{"line":19,"column":41}},"10":{"start":{"line":22,"column":21},"end":{"line":24,"column":3}},"11":{"start":{"line":23,"column":4},"end":{"line":23,"column":62}},"12":{"start":{"line":23,"column":23},"end":{"line":23,"column":60}},"13":{"start":{"line":23,"column":45},"end":{"line":23,"column":59}},"14":{"start":{"line":26,"column":20},"end":{"line":26,"column":32}},"15":{"start":{"line":28,"column":2},"end":{"line":28,"column":58}}},"fnMap":{"0":{"name":"useTaskList","decl":{"start":{"line":4,"column":16},"end":{"line":4,"column":27}},"loc":{"start":{"line":4,"column":55},"end":{"line":29,"column":1}},"line":4},"1":{"name":"(anonymous_1)","decl":{"start":{"line":8,"column":18},"end":{"line":8,"column":19}},"loc":{"start":{"line":8,"column":37},"end":{"line":20,"column":3}},"line":8},"2":{"name":"(anonymous_2)","decl":{"start":{"line":19,"column":13},"end":{"line":19,"column":14}},"loc":{"start":{"line":19,"column":23},"end":{"line":19,"column":41}},"line":19},"3":{"name":"(anonymous_3)","decl":{"start":{"line":22,"column":21},"end":{"line":22,"column":22}},"loc":{"start":{"line":22,"column":37},"end":{"line":24,"column":3}},"line":22},"4":{"name":"(anonymous_4)","decl":{"start":{"line":23,"column":13},"end":{"line":23,"column":14}},"loc":{"start":{"line":23,"column":23},"end":{"line":23,"column":60}},"line":23},"5":{"name":"(anonymous_5)","decl":{"start":{"line":23,"column":35},"end":{"line":23,"column":36}},"loc":{"start":{"line":23,"column":45},"end":{"line":23,"column":59}},"line":23}},"branchMap":{"0":{"loc":{"start":{"line":4,"column":28},"end":{"line":4,"column":53}},"type":"default-arg","locations":[{"start":{"line":4,"column":51},"end":{"line":4,"column":53}}],"line":4},"1":{"loc":{"start":{"line":9,"column":4},"end":{"line":12,"column":5}},"type":"if","locations":[{"start":{"line":9,"column":4},"end":{"line":12,"column":5}},{"start":{},"end":{}}],"line":9}},"s":{"0":10,"1":10,"2":10,"3":4,"4":2,"5":2,"6":2,"7":2,"8":2,"9":2,"10":10,"11":1,"12":1,"13":2,"14":10,"15":10},"f":{"0":10,"1":4,"2":2,"3":1,"4":1,"5":2},"b":{"0":[8],"1":[2,2]},"_coverageSchema":"1a1c01bbd47fc00a2c39e90264f33305004495a9","hash":"7317dd14cd89f130aeb0269b1dd8fbbbc97f8dc0"}
,"K:\\Escritorio\\task\\src\\schemas\\checkoutSchema.ts": {"path":"K:\\Escritorio\\task\\src\\schemas\\checkoutSchema.ts","statementMap":{"0":{"start":{"line":4,"column":20},"end":{"line":4,"column":38}},"1":{"start":{"line":5,"column":21},"end":{"line":5,"column":28}},"2":{"start":{"line":6,"column":14},"end":{"line":6,"column":40}},"3":{"start":{"line":8,"column":30},"end":{"line":15,"column":2}},"4":{"start":{"line":21,"column":17},"end":{"line":21,"column":49}},"5":{"start":{"line":22,"column":2},"end":{"line":22,"column":32}},"6":{"start":{"line":22,"column":22},"end":{"line":22,"column":32}},"7":{"start":{"line":23,"column":2},"end":{"line":25,"column":4}},"8":{"start":{"line":24,"column":78},"end":{"line":24,"column":96}}},"fnMap":{"0":{"name":"validateCheckout","decl":{"start":{"line":20,"column":16},"end":{"line":20,"column":32}},"loc":{"start":{"line":20,"column":106},"end":{"line":26,"column":1}},"line":20},"1":{"name":"(anonymous_1)","decl":{"start":{"line":24,"column":59},"end":{"line":24,"column":60}},"loc":{"start":{"line":24,"column":78},"end":{"line":24,"column":96}},"line":24}},"branchMap":{"0":{"loc":{"start":{"line":22,"column":2},"end":{"line":22,"column":32}},"type":"if","locations":[{"start":{"line":22,"column":2},"end":{"line":22,"column":32}},{"start":{},"end":{}}],"line":22}},"s":{"0":2,"1":2,"2":2,"3":2,"4":33,"5":33,"6":7,"7":26,"8":36},"f":{"0":33,"1":36},"b":{"0":[7,26]},"_coverageSchema":"1a1c01bbd47fc00a2c39e90264f33305004495a9","hash":"3ef746ced41bdf0fab0bd8203627efe2d46f07e1"}
,"K:\\Escritorio\\task\\src\\schemas\\lunchReservationSchema.ts": {"path":"K:\\Escritorio\\task\\src\\schemas\\lunchReservationSchema.ts","statementMap":{"0":{"start":{"line":3,"column":20},"end":{"line":3,"column":38}},"1":{"start":{"line":4,"column":21},"end":{"line":4,"column":28}},"2":{"start":{"line":5,"column":14},"end":{"line":5,"column":40}},"3":{"start":{"line":7,"column":38},"end":{"line":13,"column":2}},"4":{"start":{"line":20,"column":17},"end":{"line":20,"column":57}},"5":{"start":{"line":21,"column":2},"end":{"line":21,"column":32}},"6":{"start":{"line":21,"column":22},"end":{"line":21,"column":32}},"7":{"start":{"line":22,"column":2},"end":{"line":24,"column":4}},"8":{"start":{"line":23,"column":78},"end":{"line":23,"column":96}}},"fnMap":{"0":{"name":"validateLunchReservation","decl":{"start":{"line":17,"column":16},"end":{"line":17,"column":40}},"loc":{"start":{"line":19,"column":51},"end":{"line":25,"column":1}},"line":19},"1":{"name":"(anonymous_1)","decl":{"start":{"line":23,"column":59},"end":{"line":23,"column":60}},"loc":{"start":{"line":23,"column":78},"end":{"line":23,"column":96}},"line":23}},"branchMap":{"0":{"loc":{"start":{"line":21,"column":2},"end":{"line":21,"column":32}},"type":"if","locations":[{"start":{"line":21,"column":2},"end":{"line":21,"column":32}},{"start":{},"end":{}}],"line":21}},"s":{"0":2,"1":2,"2":2,"3":2,"4":5,"5":5,"6":3,"7":2,"8":6},"f":{"0":5,"1":6},"b":{"0":[3,2]},"_coverageSchema":"1a1c01bbd47fc00a2c39e90264f33305004495a9","hash":"3a7422480c042a7bab1bd8617c487243106177a4"}
,"K:\\Escritorio\\task\\src\\schemas\\taskSchema.ts": {"path":"K:\\Escritorio\\task\\src\\schemas\\taskSchema.ts","statementMap":{"0":{"start":{"line":3,"column":26},"end":{"line":8,"column":2}},"1":{"start":{"line":10,"column":30},"end":{"line":10,"column":49}}},"fnMap":{},"branchMap":{},"s":{"0":1,"1":1},"f":{},"b":{},"_coverageSchema":"1a1c01bbd47fc00a2c39e90264f33305004495a9","hash":"2152eaab263e102ed16b8a62ab8cf8043daac0fd"}
,"K:\\Escritorio\\task\\src\\screens\\CheckoutScreen.tsx": {"path":"K:\\Escritorio\\task\\src\\screens\\CheckoutScreen.tsx","statementMap":{"0":{"start":{"line":10,"column":28},"end":{"line":10,"column":67}},"1":{"start":{"line":11,"column":36},"end":{"line":11,"column":83}},"2":{"start":{"line":12,"column":34},"end":{"line":12,"column":94}},"3":{"start":{"line":14,"column":18},"end":{"line":15,"column":81}},"4":{"start":{"line":15,"column":2},"end":{"line":15,"column":81}},"5":{"start":{"line":15,"column":22},"end":{"line":15,"column":80}},"6":{"start":{"line":15,"column":52},"end":{"line":15,"column":79}},"7":{"start":{"line":18,"column":17},"end":{"line":18,"column":36}},"8":{"start":{"line":19,"column":26},"end":{"line":19,"column":45}},"9":{"start":{"line":20,"column":34},"end":{"line":20,"column":57}},"10":{"start":{"line":21,"column":32},"end":{"line":21,"column":54}},"11":{"start":{"line":22,"column":30},"end":{"line":22,"column":76}},"12":{"start":{"line":23,"column":30},"end":{"line":23,"column":78}},"13":{"start":{"line":25,"column":17},"end":{"line":35,"column":3}},"14":{"start":{"line":26,"column":4},"end":{"line":30,"column":5}},"15":{"start":{"line":27,"column":6},"end":{"line":27,"column":20}},"16":{"start":{"line":28,"column":6},"end":{"line":28,"column":25}},"17":{"start":{"line":29,"column":6},"end":{"line":29,"column":13}},"18":{"start":{"line":32,"column":18},"end":{"line":32,"column":72}},"19":{"start":{"line":33,"column":4},"end":{"line":33,"column":21}},"20":{"start":{"line":34,"column":4},"end":{"line":34,"column":66}},"21":{"start":{"line":37,"column":2},"end":{"line":93,"column":4}},"22":{"start":{"line":49,"column":28},"end":{"line":49,"column":62}},"23":{"start":{"line":49,"column":44},"end":{"line":49,"column":60}},"24":{"start":{"line":54,"column":28},"end":{"line":54,"column":66}},"25":{"start":{"line":54,"column":48},"end":{"line":54,"column":64}},"26":{"start":{"line":59,"column":28},"end":{"line":59,"column":65}},"27":{"start":{"line":59,"column":47},"end":{"line":59,"column":63}},"28":{"start":{"line":86,"column":36},"end":{"line":86,"column":54}}},"fnMap":{"0":{"name":"(anonymous_0)","decl":{"start":{"line":14,"column":18},"end":{"line":14,"column":19}},"loc":{"start":{"line":15,"column":2},"end":{"line":15,"column":81}},"line":15},"1":{"name":"(anonymous_1)","decl":{"start":{"line":15,"column":15},"end":{"line":15,"column":16}},"loc":{"start":{"line":15,"column":22},"end":{"line":15,"column":80}},"line":15},"2":{"name":"(anonymous_2)","decl":{"start":{"line":15,"column":45},"end":{"line":15,"column":46}},"loc":{"start":{"line":15,"column":52},"end":{"line":15,"column":79}},"line":15},"3":{"name":"CheckoutScreen","decl":{"start":{"line":17,"column":16},"end":{"line":17,"column":30}},"loc":{"start":{"line":17,"column":33},"end":{"line":94,"column":1}},"line":17},"4":{"name":"(anonymous_4)","decl":{"start":{"line":25,"column":17},"end":{"line":25,"column":18}},"loc":{"start":{"line":25,"column":23},"end":{"line":35,"column":3}},"line":25},"5":{"name":"(anonymous_5)","decl":{"start":{"line":49,"column":18},"end":{"line":49,"column":19}},"loc":{"start":{"line":49,"column":28},"end":{"line":49,"column":62}},"line":49},"6":{"name":"(anonymous_6)","decl":{"start":{"line":49,"column":36},"end":{"line":49,"column":37}},"loc":{"start":{"line":49,"column":44},"end":{"line":49,"column":60}},"line":49},"7":{"name":"(anonymous_7)","decl":{"start":{"line":54,"column":18},"end":{"line":54,"column":19}},"loc":{"start":{"line":54,"column":28},"end":{"line":54,"column":66}},"line":54},"8":{"name":"(anonymous_8)","decl":{"start":{"line":54,"column":40},"end":{"line":54,"column":41}},"loc":{"start":{"line":54,"column":48},"end":{"line":54,"column":64}},"line":54},"9":{"name":"(anonymous_9)","decl":{"start":{"line":59,"column":18},"end":{"line":59,"column":19}},"loc":{"start":{"line":59,"column":28},"end":{"line":59,"column":65}},"line":59},"10":{"name":"(anonymous_10)","decl":{"start":{"line":59,"column":39},"end":{"line":59,"column":40}},"loc":{"start":{"line":59,"column":47},"end":{"line":59,"column":63}},"line":59},"11":{"name":"(anonymous_11)","decl":{"start":{"line":86,"column":30},"end":{"line":86,"column":31}},"loc":{"start":{"line":86,"column":36},"end":{"line":86,"column":54}},"line":86}},"branchMap":{"0":{"loc":{"start":{"line":26,"column":4},"end":{"line":30,"column":5}},"type":"if","locations":[{"start":{"line":26,"column":4},"end":{"line":30,"column":5}},{"start":{},"end":{}}],"line":26},"1":{"loc":{"start":{"line":34,"column":14},"end":{"line":34,"column":64}},"type":"cond-expr","locations":[{"start":{"line":34,"column":46},"end":{"line":34,"column":52}},{"start":{"line":34,"column":55},"end":{"line":34,"column":64}}],"line":34},"2":{"loc":{"start":{"line":62,"column":7},"end":{"line":66,"column":7}},"type":"binary-expr","locations":[{"start":{"line":62,"column":7},"end":{"line":62,"column":25}},{"start":{"line":63,"column":8},"end":{"line":65,"column":15}}],"line":62},"3":{"loc":{"start":{"line":67,"column":7},"end":{"line":71,"column":7}},"type":"binary-expr","locations":[{"start":{"line":67,"column":7},"end":{"line":67,"column":27}},{"start":{"line":68,"column":8},"end":{"line":70,"column":15}}],"line":67},"4":{"loc":{"start":{"line":83,"column":5},"end":{"line":91,"column":5}},"type":"binary-expr","locations":[{"start":{"line":83,"column":5},"end":{"line":83,"column":26}},{"start":{"line":84,"column":6},"end":{"line":90,"column":27}}],"line":83}},"s":{"0":1,"1":1,"2":1,"3":1,"4":5,"5":13,"6":41,"7":40,"8":40,"9":40,"10":40,"11":40,"12":40,"13":40,"14":5,"15":1,"16":1,"17":1,"18":4,"19":4,"20":4,"21":40,"22":10,"23":10,"24":9,"25":9,"26":12,"27":12,"28":0},"f":{"0":5,"1":13,"2":41,"3":40,"4":5,"5":10,"6":10,"7":9,"8":9,"9":12,"10":12,"11":0},"b":{"0":[1,4],"1":[2,2],"2":[40,1],"3":[40,2],"4":[40,40]},"_coverageSchema":"1a1c01bbd47fc00a2c39e90264f33305004495a9","hash":"238f760d964f000407690b1908b47a3216409698"}
,"K:\\Escritorio\\task\\src\\screens\\CreateTaskScreen.tsx": {"path":"K:\\Escritorio\\task\\src\\screens\\CreateTaskScreen.tsx","statementMap":{"0":{"start":{"line":10,"column":58},"end":{"line":14,"column":1}},"1":{"start":{"line":17,"column":60},"end":{"line":17,"column":75}},"2":{"start":{"line":18,"column":17},"end":{"line":18,"column":36}},"3":{"start":{"line":19,"column":44},"end":{"line":19,"column":73}},"4":{"start":{"line":20,"column":30},"end":{"line":20,"column":59}},"5":{"start":{"line":22,"column":22},"end":{"line":22,"column":63}},"6":{"start":{"line":22,"column":40},"end":{"line":22,"column":62}},"7":{"start":{"line":23,"column":23},"end":{"line":23,"column":57}},"8":{"start":{"line":25,"column":2},"end":{"line":66,"column":4}},"9":{"start":{"line":39,"column":25},"end":{"line":39,"column":43}},"10":{"start":{"line":40,"column":10},"end":{"line":52,"column":12}},"11":{"start":{"line":43,"column":29},"end":{"line":43,"column":47}},"12":{"start":{"line":59,"column":24},"end":{"line":59,"column":46}},"13":{"start":{"line":61,"column":10},"end":{"line":61,"column":55}},"14":{"start":{"line":61,"column":29},"end":{"line":61,"column":55}},"15":{"start":{"line":62,"column":10},"end":{"line":62,"column":33}}},"fnMap":{"0":{"name":"CreateTaskScreen","decl":{"start":{"line":16,"column":16},"end":{"line":16,"column":32}},"loc":{"start":{"line":16,"column":35},"end":{"line":67,"column":1}},"line":16},"1":{"name":"(anonymous_1)","decl":{"start":{"line":22,"column":33},"end":{"line":22,"column":34}},"loc":{"start":{"line":22,"column":40},"end":{"line":22,"column":62}},"line":22},"2":{"name":"(anonymous_2)","decl":{"start":{"line":38,"column":21},"end":{"line":38,"column":22}},"loc":{"start":{"line":38,"column":28},"end":{"line":53,"column":9}},"line":38},"3":{"name":"(anonymous_3)","decl":{"start":{"line":43,"column":23},"end":{"line":43,"column":24}},"loc":{"start":{"line":43,"column":29},"end":{"line":43,"column":47}},"line":43},"4":{"name":"(anonymous_4)","decl":{"start":{"line":59,"column":18},"end":{"line":59,"column":19}},"loc":{"start":{"line":59,"column":24},"end":{"line":59,"column":46}},"line":59},"5":{"name":"(anonymous_5)","decl":{"start":{"line":60,"column":19},"end":{"line":60,"column":20}},"loc":{"start":{"line":60,"column":25},"end":{"line":63,"column":9}},"line":60}},"branchMap":{"0":{"loc":{"start":{"line":32,"column":7},"end":{"line":36,"column":7}},"type":"binary-expr","locations":[{"start":{"line":32,"column":7},"end":{"line":32,"column":27}},{"start":{"line":33,"column":8},"end":{"line":35,"column":15}}],"line":32},"1":{"loc":{"start":{"line":46,"column":51},"end":{"line":46,"column":89}},"type":"cond-expr","locations":[{"start":{"line":46,"column":60},"end":{"line":46,"column":73}},{"start":{"line":46,"column":76},"end":{"line":46,"column":89}}],"line":46},"2":{"loc":{"start":{"line":48,"column":54},"end":{"line":48,"column":93}},"type":"cond-expr","locations":[{"start":{"line":48,"column":63},"end":{"line":48,"column":75}},{"start":{"line":48,"column":78},"end":{"line":48,"column":93}}],"line":48},"3":{"loc":{"start":{"line":61,"column":10},"end":{"line":61,"column":55}},"type":"if","locations":[{"start":{"line":61,"column":10},"end":{"line":61,"column":55}},{"start":{},"end":{}}],"line":61}},"s":{"0":1,"1":5,"2":5,"3":5,"4":5,"5":5,"6":4,"7":5,"8":5,"9":15,"10":15,"11":0,"12":0,"13":0,"14":0,"15":0},"f":{"0":5,"1":4,"2":15,"3":0,"4":0,"5":0},"b":{"0":[5,2],"1":[5,10],"2":[5,10],"3":[0,0]},"_coverageSchema":"1a1c01bbd47fc00a2c39e90264f33305004495a9","hash":"fffd9e40aff7cd385bd203aa4def90aa8947ed9e"}
,"K:\\Escritorio\\task\\src\\screens\\HomeScreen.tsx": {"path":"K:\\Escritorio\\task\\src\\screens\\HomeScreen.tsx","statementMap":{"0":{"start":{"line":6,"column":92},"end":{"line":25,"column":1}},"1":{"start":{"line":28,"column":17},"end":{"line":28,"column":36}},"2":{"start":{"line":30,"column":2},"end":{"line":49,"column":4}},"3":{"start":{"line":37,"column":8},"end":{"line":46,"column":15}}},"fnMap":{"0":{"name":"HomeScreen","decl":{"start":{"line":27,"column":16},"end":{"line":27,"column":26}},"loc":{"start":{"line":27,"column":29},"end":{"line":50,"column":1}},"line":27},"1":{"name":"(anonymous_1)","decl":{"start":{"line":36,"column":19},"end":{"line":36,"column":20}},"loc":{"start":{"line":37,"column":8},"end":{"line":46,"column":15}},"line":37}},"branchMap":{},"s":{"0":0,"1":0,"2":0,"3":0},"f":{"0":0,"1":0},"b":{}}
,"K:\\Escritorio\\task\\src\\screens\\LunchReservationScreen.tsx": {"path":"K:\\Escritorio\\task\\src\\screens\\LunchReservationScreen.tsx","statementMap":{"0":{"start":{"line":11,"column":34},"end":{"line":11,"column":76}},"1":{"start":{"line":12,"column":42},"end":{"line":12,"column":82}},"2":{"start":{"line":13,"column":34},"end":{"line":13,"column":94}},"3":{"start":{"line":15,"column":18},"end":{"line":16,"column":81}},"4":{"start":{"line":16,"column":2},"end":{"line":16,"column":81}},"5":{"start":{"line":16,"column":22},"end":{"line":16,"column":80}},"6":{"start":{"line":16,"column":52},"end":{"line":16,"column":79}},"7":{"start":{"line":19,"column":17},"end":{"line":19,"column":36}},"8":{"start":{"line":20,"column":32},"end":{"line":20,"column":54}},"9":{"start":{"line":21,"column":48},"end":{"line":21,"column":74}},"10":{"start":{"line":22,"column":32},"end":{"line":22,"column":54}},"11":{"start":{"line":23,"column":44},"end":{"line":23,"column":59}},"12":{"start":{"line":24,"column":30},"end":{"line":24,"column":78}},"13":{"start":{"line":31,"column":6},"end":{"line":31,"column":27}},"14":{"start":{"line":33,"column":17},"end":{"line":56,"column":3}},"15":{"start":{"line":34,"column":4},"end":{"line":39,"column":5}},"16":{"start":{"line":35,"column":6},"end":{"line":35,"column":20}},"17":{"start":{"line":36,"column":6},"end":{"line":36,"column":29}},"18":{"start":{"line":37,"column":6},"end":{"line":37,"column":25}},"19":{"start":{"line":38,"column":6},"end":{"line":38,"column":13}},"20":{"start":{"line":41,"column":18},"end":{"line":41,"column":90}},"21":{"start":{"line":42,"column":4},"end":{"line":42,"column":21}},"22":{"start":{"line":43,"column":4},"end":{"line":43,"column":28}},"23":{"start":{"line":44,"column":4},"end":{"line":47,"column":5}},"24":{"start":{"line":45,"column":6},"end":{"line":45,"column":25}},"25":{"start":{"line":46,"column":6},"end":{"line":46,"column":13}},"26":{"start":{"line":49,"column":20},"end":{"line":49,"column":91}},"27":{"start":{"line":50,"column":4},"end":{"line":50,"column":25}},"28":{"start":{"line":50,"column":18},"end":{"line":50,"column":25}},"29":{"start":{"line":52,"column":4},"end":{"line":52,"column":29}},"30":{"start":{"line":53,"column":4},"end":{"line":53,"column":41}},"31":{"start":{"line":54,"column":4},"end":{"line":54,"column":29}},"32":{"start":{"line":55,"column":4},"end":{"line":55,"column":18}},"33":{"start":{"line":58,"column":2},"end":{"line":122,"column":4}},"34":{"start":{"line":70,"column":30},"end":{"line":70,"column":67}},"35":{"start":{"line":70,"column":49},"end":{"line":70,"column":65}},"36":{"start":{"line":74,"column":30},"end":{"line":74,"column":75}},"37":{"start":{"line":74,"column":57},"end":{"line":74,"column":73}},"38":{"start":{"line":79,"column":30},"end":{"line":79,"column":67}},"39":{"start":{"line":79,"column":49},"end":{"line":79,"column":65}},"40":{"start":{"line":115,"column":38},"end":{"line":115,"column":56}}},"fnMap":{"0":{"name":"(anonymous_0)","decl":{"start":{"line":15,"column":18},"end":{"line":15,"column":19}},"loc":{"start":{"line":16,"column":2},"end":{"line":16,"column":81}},"line":16},"1":{"name":"(anonymous_1)","decl":{"start":{"line":16,"column":15},"end":{"line":16,"column":16}},"loc":{"start":{"line":16,"column":22},"end":{"line":16,"column":80}},"line":16},"2":{"name":"(anonymous_2)","decl":{"start":{"line":16,"column":45},"end":{"line":16,"column":46}},"loc":{"start":{"line":16,"column":52},"end":{"line":16,"column":79}},"line":16},"3":{"name":"LunchReservationScreen","decl":{"start":{"line":18,"column":16},"end":{"line":18,"column":38}},"loc":{"start":{"line":18,"column":41},"end":{"line":123,"column":1}},"line":18},"4":{"name":"(anonymous_4)","decl":{"start":{"line":33,"column":17},"end":{"line":33,"column":18}},"loc":{"start":{"line":33,"column":29},"end":{"line":56,"column":3}},"line":33},"5":{"name":"(anonymous_5)","decl":{"start":{"line":70,"column":20},"end":{"line":70,"column":21}},"loc":{"start":{"line":70,"column":30},"end":{"line":70,"column":67}},"line":70},"6":{"name":"(anonymous_6)","decl":{"start":{"line":70,"column":41},"end":{"line":70,"column":42}},"loc":{"start":{"line":70,"column":49},"end":{"line":70,"column":65}},"line":70},"7":{"name":"(anonymous_7)","decl":{"start":{"line":74,"column":20},"end":{"line":74,"column":21}},"loc":{"start":{"line":74,"column":30},"end":{"line":74,"column":75}},"line":74},"8":{"name":"(anonymous_8)","decl":{"start":{"line":74,"column":49},"end":{"line":74,"column":50}},"loc":{"start":{"line":74,"column":57},"end":{"line":74,"column":73}},"line":74},"9":{"name":"(anonymous_9)","decl":{"start":{"line":79,"column":20},"end":{"line":79,"column":21}},"loc":{"start":{"line":79,"column":30},"end":{"line":79,"column":67}},"line":79},"10":{"name":"(anonymous_10)","decl":{"start":{"line":79,"column":41},"end":{"line":79,"column":42}},"loc":{"start":{"line":79,"column":49},"end":{"line":79,"column":65}},"line":79},"11":{"name":"(anonymous_11)","decl":{"start":{"line":115,"column":32},"end":{"line":115,"column":33}},"loc":{"start":{"line":115,"column":38},"end":{"line":115,"column":56}},"line":115}},"branchMap":{"0":{"loc":{"start":{"line":34,"column":4},"end":{"line":39,"column":5}},"type":"if","locations":[{"start":{"line":34,"column":4},"end":{"line":39,"column":5}},{"start":{},"end":{}}],"line":34},"1":{"loc":{"start":{"line":44,"column":4},"end":{"line":47,"column":5}},"type":"if","locations":[{"start":{"line":44,"column":4},"end":{"line":47,"column":5}},{"start":{},"end":{}}],"line":44},"2":{"loc":{"start":{"line":50,"column":4},"end":{"line":50,"column":25}},"type":"if","locations":[{"start":{"line":50,"column":4},"end":{"line":50,"column":25}},{"start":{},"end":{}}],"line":50},"3":{"loc":{"start":{"line":82,"column":9},"end":{"line":86,"column":9}},"type":"binary-expr","locations":[{"start":{"line":82,"column":9},"end":{"line":82,"column":22}},{"start":{"line":83,"column":10},"end":{"line":85,"column":17}}],"line":82},"4":{"loc":{"start":{"line":87,"column":9},"end":{"line":91,"column":9}},"type":"binary-expr","locations":[{"start":{"line":87,"column":9},"end":{"line":87,"column":27}},{"start":{"line":88,"column":10},"end":{"line":90,"column":17}}],"line":87},"5":{"loc":{"start":{"line":92,"column":9},"end":{"line":96,"column":9}},"type":"binary-expr","locations":[{"start":{"line":92,"column":9},"end":{"line":92,"column":29}},{"start":{"line":93,"column":10},"end":{"line":95,"column":17}}],"line":92},"6":{"loc":{"start":{"line":94,"column":13},"end":{"line":94,"column":70}},"type":"binary-expr","locations":[{"start":{"line":94,"column":13},"end":{"line":94,"column":33}},{"start":{"line":94,"column":37},"end":{"line":94,"column":70}}],"line":94},"7":{"loc":{"start":{"line":106,"column":13},"end":{"line":106,"column":90}},"type":"cond-expr","locations":[{"start":{"line":106,"column":36},"end":{"line":106,"column":60}},{"start":{"line":106,"column":63},"end":{"line":106,"column":90}}],"line":106},"8":{"loc":{"start":{"line":112,"column":7},"end":{"line":120,"column":7}},"type":"binary-expr","locations":[{"start":{"line":112,"column":7},"end":{"line":112,"column":28}},{"start":{"line":113,"column":8},"end":{"line":119,"column":29}}],"line":112}},"s":{"0":2,"1":2,"2":2,"3":2,"4":6,"5":16,"6":51,"7":66,"8":66,"9":66,"10":66,"11":66,"12":66,"13":66,"14":66,"15":6,"16":1,"17":1,"18":1,"19":1,"20":5,"21":5,"22":5,"23":5,"24":2,"25":2,"26":3,"27":3,"28":1,"29":2,"30":2,"31":2,"32":2,"33":66,"34":15,"35":15,"36":15,"37":15,"38":20,"39":20,"40":0},"f":{"0":6,"1":16,"2":51,"3":66,"4":6,"5":15,"6":15,"7":15,"8":15,"9":20,"10":20,"11":0},"b":{"0":[1,5],"1":[2,3],"2":[1,2],"3":[66,1],"4":[66,1],"5":[66,12],"6":[12,0],"7":[3,63],"8":[66,66]},"_coverageSchema":"1a1c01bbd47fc00a2c39e90264f33305004495a9","hash":"8eb12cb63994fadbb5faafeedef9c7934a8ee7c2"}
,"K:\\Escritorio\\task\\src\\services\\lunchReservationService.ts": {"path":"K:\\Escritorio\\task\\src\\services\\lunchReservationService.ts","statementMap":{"0":{"start":{"line":3,"column":16},"end":{"line":3,"column":45}},"1":{"start":{"line":6,"column":14},"end":{"line":6,"column":58}},"2":{"start":{"line":7,"column":2},"end":{"line":7,"column":76}},"3":{"start":{"line":7,"column":15},"end":{"line":7,"column":76}},"4":{"start":{"line":8,"column":2},"end":{"line":8,"column":20}},"5":{"start":{"line":14,"column":14},"end":{"line":18,"column":4}},"6":{"start":{"line":19,"column":2},"end":{"line":19,"column":64}},"7":{"start":{"line":19,"column":15},"end":{"line":19,"column":64}},"8":{"start":{"line":20,"column":2},"end":{"line":20,"column":20}}},"fnMap":{"0":{"name":"fetchLunchReservations","decl":{"start":{"line":5,"column":22},"end":{"line":5,"column":44}},"loc":{"start":{"line":5,"column":84},"end":{"line":9,"column":1}},"line":5},"1":{"name":"createLunchReservation","decl":{"start":{"line":11,"column":22},"end":{"line":11,"column":44}},"loc":{"start":{"line":13,"column":37},"end":{"line":21,"column":1}},"line":13}},"branchMap":{"0":{"loc":{"start":{"line":7,"column":2},"end":{"line":7,"column":76}},"type":"if","locations":[{"start":{"line":7,"column":2},"end":{"line":7,"column":76}},{"start":{},"end":{}}],"line":7},"1":{"loc":{"start":{"line":19,"column":2},"end":{"line":19,"column":64}},"type":"if","locations":[{"start":{"line":19,"column":2},"end":{"line":19,"column":64}},{"start":{},"end":{}}],"line":19}},"s":{"0":1,"1":3,"2":3,"3":1,"4":2,"5":3,"6":3,"7":1,"8":2},"f":{"0":3,"1":3},"b":{"0":[1,2],"1":[1,2]},"_coverageSchema":"1a1c01bbd47fc00a2c39e90264f33305004495a9","hash":"d69ebc925d887f37bf5dd58614b72ae44e621546"}
,"K:\\Escritorio\\task\\src\\services\\taskService.ts": {"path":"K:\\Escritorio\\task\\src\\services\\taskService.ts","statementMap":{"0":{"start":{"line":3,"column":16},"end":{"line":3,"column":45}},"1":{"start":{"line":6,"column":14},"end":{"line":6,"column":45}},"2":{"start":{"line":7,"column":2},"end":{"line":7,"column":62}},"3":{"start":{"line":7,"column":15},"end":{"line":7,"column":62}},"4":{"start":{"line":8,"column":2},"end":{"line":8,"column":20}},"5":{"start":{"line":12,"column":14},"end":{"line":16,"column":4}},"6":{"start":{"line":17,"column":2},"end":{"line":17,"column":58}},"7":{"start":{"line":17,"column":15},"end":{"line":17,"column":58}},"8":{"start":{"line":18,"column":2},"end":{"line":18,"column":20}}},"fnMap":{"0":{"name":"fetchTasks","decl":{"start":{"line":5,"column":22},"end":{"line":5,"column":32}},"loc":{"start":{"line":5,"column":52},"end":{"line":9,"column":1}},"line":5},"1":{"name":"createTask","decl":{"start":{"line":11,"column":22},"end":{"line":11,"column":32}},"loc":{"start":{"line":11,"column":63},"end":{"line":19,"column":1}},"line":11}},"branchMap":{"0":{"loc":{"start":{"line":7,"column":2},"end":{"line":7,"column":62}},"type":"if","locations":[{"start":{"line":7,"column":2},"end":{"line":7,"column":62}},{"start":{},"end":{}}],"line":7},"1":{"loc":{"start":{"line":17,"column":2},"end":{"line":17,"column":58}},"type":"if","locations":[{"start":{"line":17,"column":2},"end":{"line":17,"column":58}},{"start":{},"end":{}}],"line":17}},"s":{"0":1,"1":2,"2":2,"3":1,"4":1,"5":3,"6":3,"7":1,"8":2},"f":{"0":2,"1":3},"b":{"0":[1,1],"1":[1,2]},"_coverageSchema":"1a1c01bbd47fc00a2c39e90264f33305004495a9","hash":"43e9814f6086221f0f5b5b96364f5422a0c335e3"}
,"K:\\Escritorio\\task\\src\\utils\\filterTasks.ts": {"path":"K:\\Escritorio\\task\\src\\utils\\filterTasks.ts","statementMap":{"0":{"start":{"line":5,"column":30},"end":{"line":5,"column":73}},"1":{"start":{"line":8,"column":2},"end":{"line":10,"column":3}},"2":{"start":{"line":9,"column":4},"end":{"line":9,"column":50}},"3":{"start":{"line":11,"column":2},"end":{"line":11,"column":37}},"4":{"start":{"line":11,"column":24},"end":{"line":11,"column":37}},"5":{"start":{"line":12,"column":2},"end":{"line":12,"column":50}},"6":{"start":{"line":12,"column":29},"end":{"line":12,"column":48}}},"fnMap":{"0":{"name":"filterTasksByStatus","decl":{"start":{"line":7,"column":16},"end":{"line":7,"column":35}},"loc":{"start":{"line":7,"column":81},"end":{"line":13,"column":1}},"line":7},"1":{"name":"(anonymous_1)","decl":{"start":{"line":12,"column":22},"end":{"line":12,"column":23}},"loc":{"start":{"line":12,"column":29},"end":{"line":12,"column":48}},"line":12}},"branchMap":{"0":{"loc":{"start":{"line":8,"column":2},"end":{"line":10,"column":3}},"type":"if","locations":[{"start":{"line":8,"column":2},"end":{"line":10,"column":3}},{"start":{},"end":{}}],"line":8},"1":{"loc":{"start":{"line":11,"column":2},"end":{"line":11,"column":37}},"type":"if","locations":[{"start":{"line":11,"column":2},"end":{"line":11,"column":37}},{"start":{},"end":{}}],"line":11}},"s":{"0":2,"1":9,"2":1,"3":8,"4":6,"5":2,"6":8},"f":{"0":9,"1":8},"b":{"0":[1,8],"1":[6,2]},"_coverageSchema":"1a1c01bbd47fc00a2c39e90264f33305004495a9","hash":"d9d9d29e61e06aa61f69b6c23767e2b3a293f10b"}
,"K:\\Escritorio\\task\\src\\utils\\validateTask.ts": {"path":"K:\\Escritorio\\task\\src\\utils\\validateTask.ts","statementMap":{"0":{"start":{"line":2,"column":2},"end":{"line":4,"column":3}},"1":{"start":{"line":3,"column":4},"end":{"line":3,"column":38}},"2":{"start":{"line":5,"column":2},"end":{"line":7,"column":3}},"3":{"start":{"line":6,"column":4},"end":{"line":6,"column":56}},"4":{"start":{"line":8,"column":2},"end":{"line":10,"column":3}},"5":{"start":{"line":9,"column":4},"end":{"line":9,"column":59}},"6":{"start":{"line":11,"column":2},"end":{"line":11,"column":14}}},"fnMap":{"0":{"name":"validateTaskTitle","decl":{"start":{"line":1,"column":16},"end":{"line":1,"column":33}},"loc":{"start":{"line":1,"column":64},"end":{"line":12,"column":1}},"line":1}},"branchMap":{"0":{"loc":{"start":{"line":2,"column":2},"end":{"line":4,"column":3}},"type":"if","locations":[{"start":{"line":2,"column":2},"end":{"line":4,"column":3}},{"start":{},"end":{}}],"line":2},"1":{"loc":{"start":{"line":2,"column":6},"end":{"line":2,"column":41}},"type":"binary-expr","locations":[{"start":{"line":2,"column":6},"end":{"line":2,"column":12}},{"start":{"line":2,"column":16},"end":{"line":2,"column":41}}],"line":2},"2":{"loc":{"start":{"line":5,"column":2},"end":{"line":7,"column":3}},"type":"if","locations":[{"start":{"line":5,"column":2},"end":{"line":7,"column":3}},{"start":{},"end":{}}],"line":5},"3":{"loc":{"start":{"line":8,"column":2},"end":{"line":10,"column":3}},"type":"if","locations":[{"start":{"line":8,"column":2},"end":{"line":10,"column":3}},{"start":{},"end":{}}],"line":8}},"s":{"0":7,"1":2,"2":5,"3":1,"4":4,"5":1,"6":3},"f":{"0":7},"b":{"0":[2,5],"1":[7,6],"2":[1,4],"3":[1,3]},"_coverageSchema":"1a1c01bbd47fc00a2c39e90264f33305004495a9","hash":"94b647fb85125623f936b7e8df32fb51aae5d8e5"}
}
